          --------------------- Info(2021-01-05 00:36:30.8049)BEST_BUDDY-------------------- 
          
          Exception Type:
          Exception Message:
          Stack Trace:
          Additional Info:Edit Product Successful with ID: -3008
          
          --------------------- Info(2021-01-05 00:40:31.2635)BEST_BUDDY-------------------- 
          
          Exception Type:
          Exception Message:
          Stack Trace:
          Additional Info:Edit Product Successful with ID: -3008
          
          --------------------- Info(2021-01-05 00:55:57.4752)BEST_BUDDY-------------------- 
          
          Exception Type:
          Exception Message:
          Stack Trace:
          Additional Info:Edit Product Successful with ID: -3008
          
          --------------------- Info(2021-01-05 01:10:16.6455)BEST_BUDDY-------------------- 
          
          Exception Type:
          Exception Message:
          Stack Trace:
          Additional Info:Edit Product Successful with ID: -3008
          
          --------------------- Info(2021-01-05 01:10:24.3750)BEST_BUDDY-------------------- 
          
          Exception Type:
          Exception Message:
          Stack Trace:
          Additional Info:Edit Product Successful with ID: -3008
          
          --------------------- Info(2021-01-05 01:10:33.3522)BEST_BUDDY-------------------- 
          
          Exception Type:
          Exception Message:
          Stack Trace:
          Additional Info:Edit Product Successful with ID: -3008
          
          --------------------- Info(2021-01-05 01:14:44.1494)BEST_BUDDY-------------------- 
          
          Exception Type:
          Exception Message:
          Stack Trace:
          Additional Info:Edit Product Successful with ID: -3008
          
          --------------------- Error(2021-01-05 11:26:11.0209)BEST_BUDDY-------------------- 
          
          Exception Type:
          Exception Message:
          Stack Trace:
          Additional Info:Delete Product Successful with ID: -3008
Error Message: -This instance has already started one or more requests. Properties can only be modified before sending the first request.
          
          --------------------- Error(2021-01-05 11:32:56.0961)BEST_BUDDY-------------------- 
          
          Exception Type:
          Exception Message:
          Stack Trace:
          Additional Info:Delete Product Successful with ID: -3008
Error Message: -This instance has already started one or more requests. Properties can only be modified before sending the first request.
          
          --------------------- Info(2021-01-05 12:33:46.7088)BEST_BUDDY-------------------- 
          
          Exception Type:
          Exception Message:
          Stack Trace:
          Additional Info:Delete Product Successful with ID: -3008
          
          --------------------- Info(2021-01-05 12:34:33.9511)BEST_BUDDY-------------------- 
          
          Exception Type:
          Exception Message:
          Stack Trace:
          Additional Info:Product Created With ID: -3009
          
          --------------------- Info(2021-01-05 12:34:37.3545)BEST_BUDDY-------------------- 
          
          Exception Type:
          Exception Message:
          Stack Trace:
          Additional Info:Delete Product Successful with ID: -3009
          
          --------------------- Info(2021-01-05 14:42:01.1990)BEST_BUDDY-------------------- 
          
          Exception Type:
          Exception Message:
          Stack Trace:
          Additional Info:Product Created With ID: -3010
          
          --------------------- Info(2021-01-05 15:00:03.0663)BEST_BUDDY-------------------- 
          
          Exception Type:
          Exception Message:
          Stack Trace:
          Additional Info:Delete Product Successful with ID: -3010
          
          --------------------- Info(2021-01-05 15:05:55.4860)BEST_BUDDY-------------------- 
          
          Exception Type:
          Exception Message:
          Stack Trace:
          Additional Info:Product Created With ID: -3011
          
          --------------------- Info(2021-01-05 15:05:58.9035)BEST_BUDDY-------------------- 
          
          Exception Type:
          Exception Message:
          Stack Trace:
          Additional Info:Delete Product Successful with ID: -3011
          
          --------------------- Info(2021-01-05 15:06:23.6882)BEST_BUDDY-------------------- 
          
          Exception Type:
          Exception Message:
          Stack Trace:
          Additional Info:Product Created With ID: -3012
          
          --------------------- Info(2021-01-05 15:06:29.3543)BEST_BUDDY-------------------- 
          
          Exception Type:
          Exception Message:
          Stack Trace:
          Additional Info:Edit Product Successful with ID: -3012
          
          --------------------- Info(2021-01-05 15:06:35.7860)BEST_BUDDY-------------------- 
          
          Exception Type:
          Exception Message:
          Stack Trace:
          Additional Info:Edit Product Successful with ID: -3012
          
          --------------------- Info(2021-01-05 15:06:37.7737)BEST_BUDDY-------------------- 
          
          Exception Type:
          Exception Message:
          Stack Trace:
          Additional Info:Delete Product Successful with ID: -3012
          
          --------------------- Info(2021-01-05 15:17:22.8731)BEST_BUDDY-------------------- 
          
          Exception Type:
          Exception Message:
          Stack Trace:
          Additional Info:Product Created With ID: -3013
          
          --------------------- Info(2021-01-05 15:17:29.4555)BEST_BUDDY-------------------- 
          
          Exception Type:
          Exception Message:
          Stack Trace:
          Additional Info:Delete Products Successful with IDs: -3013,
          
          --------------------- Info(2021-01-05 16:01:13.0505)BEST_BUDDY-------------------- 
          
          Exception Type:
          Exception Message:
          Stack Trace:
          Additional Info:Product Created With ID: -0
          
          --------------------- Info(2021-01-05 19:02:32.7633)BEST_BUDDY-------------------- 
          
          Exception Type:
          Exception Message:
          Stack Trace:
          Additional Info:User Logged In with Email: darshit1234@gmail.com
          
          --------------------- Info(2021-01-05 19:12:05.6928)BEST_BUDDY-------------------- 
          
          Exception Type:
          Exception Message:
          Stack Trace:
          Additional Info:ProductCategory Created With ID: -0
          
          --------------------- Info(2021-01-05 19:40:19.9258)BEST_BUDDY-------------------- 
          
          Exception Type:
          Exception Message:
          Stack Trace:
          Additional Info:Edit Product Successful with ID: -0
          
          --------------------- Info(2021-01-05 19:40:29.3960)BEST_BUDDY-------------------- 
          
          Exception Type:
          Exception Message:
          Stack Trace:
          Additional Info:Edit Product Successful with ID: -0
          
          --------------------- Info(2021-01-05 19:42:02.1768)BEST_BUDDY-------------------- 
          
          Exception Type:
          Exception Message:
          Stack Trace:
          Additional Info:Edit Product Successful with ID: -0
          
          --------------------- Info(2021-01-05 21:53:19.8295)BEST_BUDDY-------------------- 
          
          Exception Type:
          Exception Message:
          Stack Trace:
          Additional Info:Edit Product Successful with ID: -3014
          
          --------------------- Info(2021-01-05 21:53:30.8734)BEST_BUDDY-------------------- 
          
          Exception Type:
          Exception Message:
          Stack Trace:
          Additional Info:Edit Product Successful with ID: -3014
          
          --------------------- Info(2021-01-05 21:59:45.1697)BEST_BUDDY-------------------- 
          
          Exception Type:
          Exception Message:
          Stack Trace:
          Additional Info:Edit Product Successful with ID: -3014
          
          --------------------- Info(2021-01-05 22:09:19.8601)BEST_BUDDY-------------------- 
          
          Exception Type:
          Exception Message:
          Stack Trace:
          Additional Info:Edit Product Successful with ID: -3014
          
          --------------------- Info(2021-01-05 22:22:24.2797)BEST_BUDDY-------------------- 
          
          Exception Type:
          Exception Message:
          Stack Trace:
          Additional Info:Edit Product Successful with ID: -3014
          
          --------------------- Info(2021-01-05 22:26:55.1097)BEST_BUDDY-------------------- 
          
          Exception Type:
          Exception Message:
          Stack Trace:
          Additional Info:Edit Product Successful with ID: -3014
          
          --------------------- Info(2021-01-05 22:45:16.2793)BEST_BUDDY-------------------- 
          
          Exception Type:
          Exception Message:
          Stack Trace:
          Additional Info:Edit Product Successful with ID: -3014
          
          --------------------- Info(2021-01-05 22:45:27.2440)BEST_BUDDY-------------------- 
          
          Exception Type:
          Exception Message:
          Stack Trace:
          Additional Info:Edit Product Successful with ID: -3014
          
          --------------------- Info(2021-01-05 22:59:06.8476)BEST_BUDDY-------------------- 
          
          Exception Type:
          Exception Message:
          Stack Trace:
          Additional Info:Edit Product Successful with ID: -3014
          
